<?xml version="1.0" encoding="UTF-8"?>
<!-- Generated by org.testng.reporters.JUnitXMLReporter -->
<testsuite ignored="1" hostname="DESKTOP-O6IR02K" failures="0" tests="1" name="OpenCart Test" time="10.805" errors="0" timestamp="2024-12-15T23:51:39 IST">
  <testcase classname="testCases.TC_002_LoginTest" name="verify_login" time="2.395"/>
  <testcase classname="testCases.TC_001_AccountRegistrationTest" name="verify_account_registration" time="0.0">
    <ignored/>
  </testcase> <!-- verify_account_registration -->
</testsuite> <!-- OpenCart Test -->
